# JRE version: OpenJDK Runtime Environment (21.0.10) (build 21.0.10+-14961533-b1163.108)
# Java VM: OpenJDK 64-Bit Server VM (21.0.10+-14961533-b1163.108, mixed mode, tiered, compressed oops, compressed class ptrs, g1 gc, windows-amd64)
GC Precious Log:
 CardTable entry size: 512
 Card Set container configuration: InlinePtr #cards 5 size 8 Array Of Cards #cards 12 size 40 Howl #buckets 4 coarsen threshold 1843 Howl Bitmap #cards 512 size 80 coarsen threshold 460 Card regions per heap region 1 cards per card region 2048
 CPUs: 24 total, 24 available
 Memory: 32507M
 Large Page Support: Disabled
 NUMA Support: Disabled
 Compressed Oops: Enabled (32-bit)
 Heap Region Size: 1M
 Heap Min Capacity: 8M
 Heap Initial Capacity: 508M
 Heap Max Capacity: 2G
 Pre-touch: Disabled
 Parallel Workers: 18
 Concurrent Workers: 5
 Concurrent Refinement Workers: 18
 Periodic GC: Disabled
Heap:
 garbage-first heap   total 88064K, used 54481K [0x0000000080000000, 0x0000000100000000)
  region size 1024K, 19 young (19456K), 6 survivors (6144K)
 Metaspace       used 57409K, committed 59072K, reserved 1114112K
  class space    used 8073K, committed 8896K, reserved 1048576K
GC Heap History (20 events):
Event: 0.427 GC heap before
{Heap before GC invocations=0 (full 0):
 garbage-first heap   total 520192K, used 29696K [0x0000000080000000, 0x0000000100000000)
  region size 1024K, 25 young (25600K), 0 survivors (0K)
 Metaspace       used 9961K, committed 10112K, reserved 1114112K
  class space    used 983K, committed 1024K, reserved 1048576K
}
Event: 0.432 GC heap after
{Heap after GC invocations=1 (full 0):
 garbage-first heap   total 520192K, used 11006K [0x0000000080000000, 0x0000000100000000)
  region size 1024K, 4 young (4096K), 4 survivors (4096K)
 Metaspace       used 9961K, committed 10112K, reserved 1114112K
  class space    used 983K, committed 1024K, reserved 1048576K
}
Event: 0.664 GC heap before
{Heap before GC invocations=1 (full 0):
 garbage-first heap   total 520192K, used 40702K [0x0000000080000000, 0x0000000100000000)
  region size 1024K, 33 young (33792K), 4 survivors (4096K)
 Metaspace       used 12916K, committed 13120K, reserved 1114112K
  class space    used 1414K, committed 1472K, reserved 1048576K
}
Event: 0.667 GC heap after
{Heap after GC invocations=2 (full 0):
 garbage-first heap   total 520192K, used 12726K [0x0000000080000000, 0x0000000100000000)
  region size 1024K, 2 young (2048K), 2 survivors (2048K)
 Metaspace       used 12916K, committed 13120K, reserved 1114112K
  class space    used 1414K, committed 1472K, reserved 1048576K
}
Event: 1.166 GC heap before
{Heap before GC invocations=2 (full 0):
 garbage-first heap   total 520192K, used 64950K [0x0000000080000000, 0x0000000100000000)
  region size 1024K, 52 young (53248K), 2 survivors (2048K)
 Metaspace       used 21162K, committed 21504K, reserved 1114112K
  class space    used 2470K, committed 2624K, reserved 1048576K
}
Event: 1.170 GC heap after
{Heap after GC invocations=3 (full 0):
 garbage-first heap   total 520192K, used 21059K [0x0000000080000000, 0x0000000100000000)
  region size 1024K, 9 young (9216K), 9 survivors (9216K)
 Metaspace       used 21162K, committed 21504K, reserved 1114112K
  class space    used 2470K, committed 2624K, reserved 1048576K
}
Event: 1.779 GC heap before
{Heap before GC invocations=4 (full 0):
 garbage-first heap   total 75776K, used 74307K [0x0000000080000000, 0x0000000100000000)
  region size 1024K, 61 young (62464K), 9 survivors (9216K)
 Metaspace       used 29567K, committed 30144K, reserved 1114112K
  class space    used 3800K, committed 4096K, reserved 1048576K
}
Event: 1.784 GC heap after
{Heap after GC invocations=5 (full 0):
 garbage-first heap   total 88064K, used 23931K [0x0000000080000000, 0x0000000100000000)
  region size 1024K, 12 young (12288K), 12 survivors (12288K)
 Metaspace       used 29567K, committed 30144K, reserved 1114112K
  class space    used 3800K, committed 4096K, reserved 1048576K
}
Event: 2.278 GC heap before
{Heap before GC invocations=5 (full 0):
 garbage-first heap   total 88064K, used 61819K [0x0000000080000000, 0x0000000100000000)
  region size 1024K, 49 young (50176K), 12 survivors (12288K)
 Metaspace       used 35376K, committed 36096K, reserved 1114112K
  class space    used 4628K, committed 4992K, reserved 1048576K
}
Event: 2.283 GC heap after
{Heap after GC invocations=6 (full 0):
 garbage-first heap   total 88064K, used 26431K [0x0000000080000000, 0x0000000100000000)
  region size 1024K, 6 young (6144K), 6 survivors (6144K)
 Metaspace       used 35376K, committed 36096K, reserved 1114112K
  class space    used 4628K, committed 4992K, reserved 1048576K
}
Event: 2.313 GC heap before
{Heap before GC invocations=6 (full 0):
 garbage-first heap   total 88064K, used 28479K [0x0000000080000000, 0x0000000100000000)
  region size 1024K, 9 young (9216K), 6 survivors (6144K)
 Metaspace       used 35710K, committed 36416K, reserved 1114112K
  class space    used 4675K, committed 5056K, reserved 1048576K
}
Event: 2.315 GC heap after
{Heap after GC invocations=7 (full 0):
 garbage-first heap   total 88064K, used 26972K [0x0000000080000000, 0x0000000100000000)
  region size 1024K, 3 young (3072K), 3 survivors (3072K)
 Metaspace       used 35710K, committed 36416K, reserved 1114112K
  class space    used 4675K, committed 5056K, reserved 1048576K
}
Event: 2.744 GC heap before
{Heap before GC invocations=8 (full 0):
 garbage-first heap   total 88064K, used 71004K [0x0000000080000000, 0x0000000100000000)
  region size 1024K, 46 young (47104K), 3 survivors (3072K)
 Metaspace       used 41722K, committed 42688K, reserved 1114112K
  class space    used 5731K, committed 6208K, reserved 1048576K
}
Event: 2.747 GC heap after
{Heap after GC invocations=9 (full 0):
 garbage-first heap   total 88064K, used 28890K [0x0000000080000000, 0x0000000100000000)
  region size 1024K, 5 young (5120K), 5 survivors (5120K)
 Metaspace       used 41722K, committed 42688K, reserved 1114112K
  class space    used 5731K, committed 6208K, reserved 1048576K
}
Event: 3.454 GC heap before
{Heap before GC invocations=9 (full 0):
 garbage-first heap   total 88064K, used 71898K [0x0000000080000000, 0x0000000100000000)
  region size 1024K, 48 young (49152K), 5 survivors (5120K)
 Metaspace       used 48693K, committed 50048K, reserved 1114112K
  class space    used 6713K, committed 7360K, reserved 1048576K
}
Event: 3.459 GC heap after
{Heap after GC invocations=10 (full 0):
 garbage-first heap   total 88064K, used 32382K [0x0000000080000000, 0x0000000100000000)
  region size 1024K, 6 young (6144K), 6 survivors (6144K)
 Metaspace       used 48693K, committed 50048K, reserved 1114112K
  class space    used 6713K, committed 7360K, reserved 1048576K
}
Event: 4.245 GC heap before
{Heap before GC invocations=10 (full 0):
 garbage-first heap   total 88064K, used 74366K [0x0000000080000000, 0x0000000100000000)
  region size 1024K, 47 young (48128K), 6 survivors (6144K)
 Metaspace       used 54081K, committed 55616K, reserved 1114112K
  class space    used 7580K, committed 8320K, reserved 1048576K
}
Event: 4.252 GC heap after
{Heap after GC invocations=11 (full 0):
 garbage-first heap   total 88064K, used 36119K [0x0000000080000000, 0x0000000100000000)
  region size 1024K, 4 young (4096K), 4 survivors (4096K)
 Metaspace       used 54081K, committed 55616K, reserved 1114112K
  class space    used 7580K, committed 8320K, reserved 1048576K
}
Event: 4.949 GC heap before
{Heap before GC invocations=11 (full 0):
 garbage-first heap   total 88064K, used 75031K [0x0000000080000000, 0x0000000100000000)
  region size 1024K, 43 young (44032K), 4 survivors (4096K)
 Metaspace       used 57199K, committed 58816K, reserved 1114112K
  class space    used 8047K, committed 8832K, reserved 1048576K
}
Event: 4.954 GC heap after
{Heap after GC invocations=12 (full 0):
 garbage-first heap   total 88064K, used 42193K [0x0000000080000000, 0x0000000100000000)
  region size 1024K, 6 young (6144K), 6 survivors (6144K)
 Metaspace       used 57199K, committed 58816K, reserved 1114112K
  class space    used 8047K, committed 8832K, reserved 1048576K
}

